<?xml version="1.0" encoding="UTF-8"?>
<!-- Generated by org.testng.reporters.JUnitReportReporter -->
<testsuite hostname="LAPTOP-6KVSVMRR" failures="0" tests="2" name="TestCases.loginTest" time="27.332" errors="0" timestamp="2023-09-11T17:00:09 BST" skipped="0">
  <testcase classname="TestCases.loginTest" name="verifylogin" time="9.594"/>
  <system-out/>
  <testcase classname="TestCases.loginTest" name="verifyInvalidlogin" time="17.738"/>
  <system-out/>
</testsuite> <!-- TestCases.loginTest -->
